
C:\Users\francisco\Desktop\Udacity\Mobile_Web_Specialist_Nanodegree\Project_Stage_2\mws-restaurant-stage-2\client\node_modules\uws>if not defined npm_config_node_gyp (node "C:\Users\francisco\AppData\Roaming\npm\node_modules\npm\node_modules\npm-lifecycle\node-gyp-bin\\..\..\node_modules\node-gyp\bin\node-gyp.js" rebuild )  else (node "C:\Users\francisco\AppData\Roaming\npm\node_modules\npm\node_modules\node-gyp\bin\node-gyp.js" rebuild ) 
Building the projects in this solution one at a time. To enable parallel build, please add the "/m" switch.
  Extensions.cpp
  Group.cpp
  Networking.cpp
  Hub.cpp
  Node.cpp
c:\users\francisco\desktop\udacity\mobile_web_specialist_nanodegree\project_stage_2\mws-restaurant-stage-2\client\node_modules\uws\src\Socket.h(26): warning C4275: non dll-interface struct 'uS::Poll' used as base for dll-interface struct 'uS::Socket' (..\src\Hub.cpp) [C:\Users\francisco\Desktop\Udacity\Mobile_Web_Specialist_Nanodegree\Project_Stage_2\mws-restaurant-stage-2\client\node_modules\uws\build\uws.vcxproj]
          c:\users\francisco\desktop\udacity\mobile_web_specialist_nanodegree\project_stage_2\mws-restaurant-stage-2\client\node_modules\uws\src\Libuv.h(94) : see declaration of 'uS::Poll'
          c:\users\francisco\desktop\udacity\mobile_web_specialist_nanodegree\project_stage_2\mws-restaurant-stage-2\client\node_modules\uws\src\Socket.h(26) : see declaration of 'uS::Socket'
c:\users\francisco\desktop\udacity\mobile_web_specialist_nanodegree\project_stage_2\mws-restaurant-stage-2\client\node_modules\uws\src\Socket.h(26): warning C4275: non dll-interface struct 'uS::Poll' used as base for dll-interface struct 'uS::Socket' (..\src\Group.cpp) [C:\Users\francisco\Desktop\Udacity\Mobile_Web_Specialist_Nanodegree\Project_Stage_2\mws-restaurant-stage-2\client\node_modules\uws\build\uws.vcxproj]
          c:\users\francisco\desktop\udacity\mobile_web_specialist_nanodegree\project_stage_2\mws-restaurant-stage-2\client\node_modules\uws\src\Libuv.h(94) : see declaration of 'uS::Poll'
          c:\users\francisco\desktop\udacity\mobile_web_specialist_nanodegree\project_stage_2\mws-restaurant-stage-2\client\node_modules\uws\src\Socket.h(26) : see declaration of 'uS::Socket'
c:\users\francisco\desktop\udacity\mobile_web_specialist_nanodegree\project_stage_2\mws-restaurant-stage-2\client\node_modules\uws\src\Socket.h(26): warning C4275: non dll-interface struct 'uS::Poll' used as base for dll-interface struct 'uS::Socket' (..\src\Node.cpp) [C:\Users\francisco\Desktop\Udacity\Mobile_Web_Specialist_Nanodegree\Project_Stage_2\mws-restaurant-stage-2\client\node_modules\uws\build\uws.vcxproj]
          c:\users\francisco\desktop\udacity\mobile_web_specialist_nanodegree\project_stage_2\mws-restaurant-stage-2\client\node_modules\uws\src\Libuv.h(94) : see declaration of 'uS::Poll'
          c:\users\francisco\desktop\udacity\mobile_web_specialist_nanodegree\project_stage_2\mws-restaurant-stage-2\client\node_modules\uws\src\Socket.h(26) : see declaration of 'uS::Socket'
c:\users\francisco\desktop\udacity\mobile_web_specialist_nanodegree\project_stage_2\mws-restaurant-stage-2\client\node_modules\uws\src\Socket.h(31): error C2797: 'uS::Socket::state': list initialization inside member initializer list or non-static data member initializer is not implemented (..\src\Hub.cpp) [C:\Users\francisco\Desktop\Udacity\Mobile_Web_Specialist_Nanodegree\Project_Stage_2\mws-restaurant-stage-2\client\node_modules\uws\build\uws.vcxproj]
c:\users\francisco\desktop\udacity\mobile_web_specialist_nanodegree\project_stage_2\mws-restaurant-stage-2\client\node_modules\uws\src\Socket.h(31): error C2797: 'uS::Socket::state': list initialization inside member initializer list or non-static data member initializer is not implemented (..\src\Group.cpp) [C:\Users\francisco\Desktop\Udacity\Mobile_Web_Specialist_Nanodegree\Project_Stage_2\mws-restaurant-stage-2\client\node_modules\uws\build\uws.vcxproj]
c:\users\francisco\desktop\udacity\mobile_web_specialist_nanodegree\project_stage_2\mws-restaurant-stage-2\client\node_modules\uws\src\Socket.h(31): error C2797: 'uS::Socket::state': list initialization inside member initializer list or non-static data member initializer is not implemented (..\src\Node.cpp) [C:\Users\francisco\Desktop\Udacity\Mobile_Web_Specialist_Nanodegree\Project_Stage_2\mws-restaurant-stage-2\client\node_modules\uws\build\uws.vcxproj]
c:\users\francisco\desktop\udacity\mobile_web_specialist_nanodegree\project_stage_2\mws-restaurant-stage-2\client\node_modules\uws\src\Socket.h(314): warning C4244: 'argument' : conversion from 'ssize_t' to 'int', possible loss of data (..\src\Hub.cpp) [C:\Users\francisco\Desktop\Udacity\Mobile_Web_Specialist_Nanodegree\Project_Stage_2\mws-restaurant-stage-2\client\node_modules\uws\build\uws.vcxproj]
c:\users\francisco\desktop\udacity\mobile_web_specialist_nanodegree\project_stage_2\mws-restaurant-stage-2\client\node_modules\uws\src\Socket.h(314): warning C4244: 'argument' : conversion from 'ssize_t' to 'int', possible loss of data (..\src\Group.cpp) [C:\Users\francisco\Desktop\Udacity\Mobile_Web_Specialist_Nanodegree\Project_Stage_2\mws-restaurant-stage-2\client\node_modules\uws\build\uws.vcxproj]
c:\users\francisco\desktop\udacity\mobile_web_specialist_nanodegree\project_stage_2\mws-restaurant-stage-2\client\node_modules\uws\src\Socket.h(314): warning C4244: 'argument' : conversion from 'ssize_t' to 'int', possible loss of data (..\src\Node.cpp) [C:\Users\francisco\Desktop\Udacity\Mobile_Web_Specialist_Nanodegree\Project_Stage_2\mws-restaurant-stage-2\client\node_modules\uws\build\uws.vcxproj]
  WebSocket.cpp
..\src\Hub.cpp(127): warning C4530: C++ exception handler used, but unwind semantics are not enabled. Specify /EHsc [C:\Users\francisco\Desktop\Udacity\Mobile_Web_Specialist_Nanodegree\Project_Stage_2\mws-restaurant-stage-2\client\node_modules\uws\build\uws.vcxproj]
  HTTPSocket.cpp
  Socket.cpp
  addon.cpp
c:\users\francisco\desktop\udacity\mobile_web_specialist_nanodegree\project_stage_2\mws-restaurant-stage-2\client\node_modules\uws\src\Socket.h(26): warning C4275: non dll-interface struct 'uS::Poll' used as base for dll-interface struct 'uS::Socket' (..\src\WebSocket.cpp) [C:\Users\francisco\Desktop\Udacity\Mobile_Web_Specialist_Nanodegree\Project_Stage_2\mws-restaurant-stage-2\client\node_modules\uws\build\uws.vcxproj]
          c:\users\francisco\desktop\udacity\mobile_web_specialist_nanodegree\project_stage_2\mws-restaurant-stage-2\client\node_modules\uws\src\Libuv.h(94) : see declaration of 'uS::Poll'
          c:\users\francisco\desktop\udacity\mobile_web_specialist_nanodegree\project_stage_2\mws-restaurant-stage-2\client\node_modules\uws\src\Socket.h(26) : see declaration of 'uS::Socket'
c:\users\francisco\desktop\udacity\mobile_web_specialist_nanodegree\project_stage_2\mws-restaurant-stage-2\client\node_modules\uws\src\Socket.h(31): error C2797: 'uS::Socket::state': list initialization inside member initializer list or non-static data member initializer is not implemented (..\src\WebSocket.cpp) [C:\Users\francisco\Desktop\Udacity\Mobile_Web_Specialist_Nanodegree\Project_Stage_2\mws-restaurant-stage-2\client\node_modules\uws\build\uws.vcxproj]
c:\users\francisco\desktop\udacity\mobile_web_specialist_nanodegree\project_stage_2\mws-restaurant-stage-2\client\node_modules\uws\src\Socket.h(314): warning C4244: 'argument' : conversion from 'ssize_t' to 'int', possible loss of data (..\src\WebSocket.cpp) [C:\Users\francisco\Desktop\Udacity\Mobile_Web_Specialist_Nanodegree\Project_Stage_2\mws-restaurant-stage-2\client\node_modules\uws\build\uws.vcxproj]
c:\users\francisco\desktop\udacity\mobile_web_specialist_nanodegree\project_stage_2\mws-restaurant-stage-2\client\node_modules\uws\src\Socket.h(26): warning C4275: non dll-interface struct 'uS::Poll' used as base for dll-interface struct 'uS::Socket' (..\src\Socket.cpp) [C:\Users\francisco\Desktop\Udacity\Mobile_Web_Specialist_Nanodegree\Project_Stage_2\mws-restaurant-stage-2\client\node_modules\uws\build\uws.vcxproj]
          c:\users\francisco\desktop\udacity\mobile_web_specialist_nanodegree\project_stage_2\mws-restaurant-stage-2\client\node_modules\uws\src\Libuv.h(94) : see declaration of 'uS::Poll'
          c:\users\francisco\desktop\udacity\mobile_web_specialist_nanodegree\project_stage_2\mws-restaurant-stage-2\client\node_modules\uws\src\Socket.h(26) : see declaration of 'uS::Socket'
c:\users\francisco\desktop\udacity\mobile_web_specialist_nanodegree\project_stage_2\mws-restaurant-stage-2\client\node_modules\uws\src\Socket.h(31): error C2797: 'uS::Socket::state': list initialization inside member initializer list or non-static data member initializer is not implemented (..\src\Socket.cpp) [C:\Users\francisco\Desktop\Udacity\Mobile_Web_Specialist_Nanodegree\Project_Stage_2\mws-restaurant-stage-2\client\node_modules\uws\build\uws.vcxproj]
c:\users\francisco\desktop\udacity\mobile_web_specialist_nanodegree\project_stage_2\mws-restaurant-stage-2\client\node_modules\uws\src\Socket.h(314): warning C4244: 'argument' : conversion from 'ssize_t' to 'int', possible loss of data (..\src\Socket.cpp) [C:\Users\francisco\Desktop\Udacity\Mobile_Web_Specialist_Nanodegree\Project_Stage_2\mws-restaurant-stage-2\client\node_modules\uws\build\uws.vcxproj]
  win_delay_load_hook.cc
c:\users\francisco\desktop\udacity\mobile_web_specialist_nanodegree\project_stage_2\mws-restaurant-stage-2\client\node_modules\uws\src\Socket.h(26): warning C4275: non dll-interface struct 'uS::Poll' used as base for dll-interface struct 'uS::Socket' (..\src\HTTPSocket.cpp) [C:\Users\francisco\Desktop\Udacity\Mobile_Web_Specialist_Nanodegree\Project_Stage_2\mws-restaurant-stage-2\client\node_modules\uws\build\uws.vcxproj]
          c:\users\francisco\desktop\udacity\mobile_web_specialist_nanodegree\project_stage_2\mws-restaurant-stage-2\client\node_modules\uws\src\Libuv.h(94) : see declaration of 'uS::Poll'
          c:\users\francisco\desktop\udacity\mobile_web_specialist_nanodegree\project_stage_2\mws-restaurant-stage-2\client\node_modules\uws\src\Socket.h(26) : see declaration of 'uS::Socket'
c:\users\francisco\desktop\udacity\mobile_web_specialist_nanodegree\project_stage_2\mws-restaurant-stage-2\client\node_modules\uws\src\Socket.h(31): error C2797: 'uS::Socket::state': list initialization inside member initializer list or non-static data member initializer is not implemented (..\src\HTTPSocket.cpp) [C:\Users\francisco\Desktop\Udacity\Mobile_Web_Specialist_Nanodegree\Project_Stage_2\mws-restaurant-stage-2\client\node_modules\uws\build\uws.vcxproj]
c:\users\francisco\desktop\udacity\mobile_web_specialist_nanodegree\project_stage_2\mws-restaurant-stage-2\client\node_modules\uws\src\Socket.h(314): warning C4244: 'argument' : conversion from 'ssize_t' to 'int', possible loss of data (..\src\HTTPSocket.cpp) [C:\Users\francisco\Desktop\Udacity\Mobile_Web_Specialist_Nanodegree\Project_Stage_2\mws-restaurant-stage-2\client\node_modules\uws\build\uws.vcxproj]
..\src\HTTPSocket.cpp(24): warning C4244: '=' : conversion from '__int64' to 'unsigned int', possible loss of data [C:\Users\francisco\Desktop\Udacity\Mobile_Web_Specialist_Nanodegree\Project_Stage_2\mws-restaurant-stage-2\client\node_modules\uws\build\uws.vcxproj]
..\src\HTTPSocket.cpp(29): warning C4244: '=' : conversion from '__int64' to 'unsigned int', possible loss of data [C:\Users\francisco\Desktop\Udacity\Mobile_Web_Specialist_Nanodegree\Project_Stage_2\mws-restaurant-stage-2\client\node_modules\uws\build\uws.vcxproj]
c:\users\francisco\desktop\udacity\mobile_web_specialist_nanodegree\project_stage_2\mws-restaurant-stage-2\client\node_modules\uws\src\Socket.h(26): warning C4275: non dll-interface struct 'uS::Poll' used as base for dll-interface struct 'uS::Socket' (..\src\addon.cpp) [C:\Users\francisco\Desktop\Udacity\Mobile_Web_Specialist_Nanodegree\Project_Stage_2\mws-restaurant-stage-2\client\node_modules\uws\build\uws.vcxproj]
          c:\users\francisco\desktop\udacity\mobile_web_specialist_nanodegree\project_stage_2\mws-restaurant-stage-2\client\node_modules\uws\src\Libuv.h(94) : see declaration of 'uS::Poll'
          c:\users\francisco\desktop\udacity\mobile_web_specialist_nanodegree\project_stage_2\mws-restaurant-stage-2\client\node_modules\uws\src\Socket.h(26) : see declaration of 'uS::Socket'
c:\users\francisco\desktop\udacity\mobile_web_specialist_nanodegree\project_stage_2\mws-restaurant-stage-2\client\node_modules\uws\src\Socket.h(31): error C2797: 'uS::Socket::state': list initialization inside member initializer list or non-static data member initializer is not implemented (..\src\addon.cpp) [C:\Users\francisco\Desktop\Udacity\Mobile_Web_Specialist_Nanodegree\Project_Stage_2\mws-restaurant-stage-2\client\node_modules\uws\build\uws.vcxproj]
c:\users\francisco\desktop\udacity\mobile_web_specialist_nanodegree\project_stage_2\mws-restaurant-stage-2\client\node_modules\uws\src\Socket.h(314): warning C4244: 'argument' : conversion from 'ssize_t' to 'int', possible loss of data (..\src\addon.cpp) [C:\Users\francisco\Desktop\Udacity\Mobile_Web_Specialist_Nanodegree\Project_Stage_2\mws-restaurant-stage-2\client\node_modules\uws\build\uws.vcxproj]
c:\users\francisco\.node-gyp\9.4.0\include\node\v8.h(2455): error C2144: syntax error : 'int' should be preceded by ';' (..\src\addon.cpp) [C:\Users\francisco\Desktop\Udacity\Mobile_Web_Specialist_Nanodegree\Project_Stage_2\mws-restaurant-stage-2\client\node_modules\uws\build\uws.vcxproj]
c:\users\francisco\.node-gyp\9.4.0\include\node\v8.h(2455): error C4430: missing type specifier - int assumed. Note: C++ does not support default-int (..\src\addon.cpp) [C:\Users\francisco\Desktop\Udacity\Mobile_Web_Specialist_Nanodegree\Project_Stage_2\mws-restaurant-stage-2\client\node_modules\uws\build\uws.vcxproj]
c:\users\francisco\.node-gyp\9.4.0\include\node\v8.h(4122): error C2610: 'v8::WasmCompiledModule::TransferrableModule::TransferrableModule(v8::WasmCompiledModule::TransferrableModule &&)' : is not a special member function which can be defaulted (..\src\addon.cpp) [C:\Users\francisco\Desktop\Udacity\Mobile_Web_Specialist_Nanodegree\Project_Stage_2\mws-restaurant-stage-2\client\node_modules\uws\build\uws.vcxproj]
c:\users\francisco\.node-gyp\9.4.0\include\node\v8.h(4125): error C2610: 'v8::WasmCompiledModule::TransferrableModule &v8::WasmCompiledModule::TransferrableModule::operator =(v8::WasmCompiledModule::TransferrableModule &&)' : is not a special member function which can be defaulted (..\src\addon.cpp) [C:\Users\francisco\Desktop\Udacity\Mobile_Web_Specialist_Nanodegree\Project_Stage_2\mws-restaurant-stage-2\client\node_modules\uws\build\uws.vcxproj]
c:\users\francisco\.node-gyp\9.4.0\include\node\v8.h(4200): error C2610: 'v8::WasmModuleObjectBuilderStreaming::WasmModuleObjectBuilderStreaming(v8::WasmModuleObjectBuilderStreaming &&)' : is not a special member function which can be defaulted (..\src\addon.cpp) [C:\Users\francisco\Desktop\Udacity\Mobile_Web_Specialist_Nanodegree\Project_Stage_2\mws-restaurant-stage-2\client\node_modules\uws\build\uws.vcxproj]
c:\users\francisco\.node-gyp\9.4.0\include\node\v8.h(4205): error C2610: 'v8::WasmModuleObjectBuilderStreaming &v8::WasmModuleObjectBuilderStreaming::operator =(v8::WasmModuleObjectBuilderStreaming &&)' : is not a special member function which can be defaulted (..\src\addon.cpp) [C:\Users\francisco\Desktop\Udacity\Mobile_Web_Specialist_Nanodegree\Project_Stage_2\mws-restaurant-stage-2\client\node_modules\uws\build\uws.vcxproj]
c:\users\francisco\.node-gyp\9.4.0\include\node\v8.h(4238): error C2610: 'v8::WasmModuleObjectBuilder::WasmModuleObjectBuilder(v8::WasmModuleObjectBuilder &&)' : is not a special member function which can be defaulted (..\src\addon.cpp) [C:\Users\francisco\Desktop\Udacity\Mobile_Web_Specialist_Nanodegree\Project_Stage_2\mws-restaurant-stage-2\client\node_modules\uws\build\uws.vcxproj]
c:\users\francisco\.node-gyp\9.4.0\include\node\v8.h(4240): error C2610: 'v8::WasmModuleObjectBuilder &v8::WasmModuleObjectBuilder::operator =(v8::WasmModuleObjectBuilder &&)' : is not a special member function which can be defaulted (..\src\addon.cpp) [C:\Users\francisco\Desktop\Udacity\Mobile_Web_Specialist_Nanodegree\Project_Stage_2\mws-restaurant-stage-2\client\node_modules\uws\build\uws.vcxproj]
c:\users\francisco\.node-gyp\9.4.0\include\node\v8.h(4516): error C2146: syntax error : missing ';' before identifier 'size_t' (..\src\addon.cpp) [C:\Users\francisco\Desktop\Udacity\Mobile_Web_Specialist_Nanodegree\Project_Stage_2\mws-restaurant-stage-2\client\node_modules\uws\build\uws.vcxproj]
c:\users\francisco\.node-gyp\9.4.0\include\node\v8.h(4516): error C4430: missing type specifier - int assumed. Note: C++ does not support default-int (..\src\addon.cpp) [C:\Users\francisco\Desktop\Udacity\Mobile_Web_Specialist_Nanodegree\Project_Stage_2\mws-restaurant-stage-2\client\node_modules\uws\build\uws.vcxproj]
c:\users\francisco\desktop\udacity\mobile_web_specialist_nanodegree\project_stage_2\mws-restaurant-stage-2\client\node_modules\uws\src\addon.h(416): warning C4244: 'argument' : conversion from 'int64_t' to 'int', possible loss of data (..\src\addon.cpp) [C:\Users\francisco\Desktop\Udacity\Mobile_Web_Specialist_Nanodegree\Project_Stage_2\mws-restaurant-stage-2\client\node_modules\uws\build\uws.vcxproj]
c:\users\francisco\desktop\udacity\mobile_web_specialist_nanodegree\project_stage_2\mws-restaurant-stage-2\client\node_modules\uws\src\addon.h(425): warning C4244: 'argument' : conversion from 'int64_t' to 'int', possible loss of data (..\src\addon.cpp) [C:\Users\francisco\Desktop\Udacity\Mobile_Web_Specialist_Nanodegree\Project_Stage_2\mws-restaurant-stage-2\client\node_modules\uws\build\uws.vcxproj]
c:\users\francisco\desktop\udacity\mobile_web_specialist_nanodegree\project_stage_2\mws-restaurant-stage-2\client\node_modules\uws\src\http.h(149): warning C4018: '<' : signed/unsigned mismatch (..\src\addon.cpp) [C:\Users\francisco\Desktop\Udacity\Mobile_Web_Specialist_Nanodegree\Project_Stage_2\mws-restaurant-stage-2\client\node_modules\uws\build\uws.vcxproj]
c:\users\francisco\desktop\udacity\mobile_web_specialist_nanodegree\project_stage_2\mws-restaurant-stage-2\client\node_modules\uws\src\http.h(308): warning C4244: 'argument' : conversion from 'int64_t' to 'int', possible loss of data (..\src\addon.cpp) [C:\Users\francisco\Desktop\Udacity\Mobile_Web_Specialist_Nanodegree\Project_Stage_2\mws-restaurant-stage-2\client\node_modules\uws\build\uws.vcxproj]
gyp ERR! build error 
gyp ERR! stack Error: `C:\Program Files (x86)\MSBuild\12.0\bin\msbuild.exe` failed with exit code: 1
gyp ERR! stack     at ChildProcess.onExit (C:\Users\francisco\AppData\Roaming\npm\node_modules\npm\node_modules\node-gyp\lib\build.js:258:23)
gyp ERR! stack     at ChildProcess.emit (events.js:160:13)
gyp ERR! stack     at Process.ChildProcess._handle.onexit (internal/child_process.js:209:12)
gyp ERR! System Windows_NT 10.0.16299
gyp ERR! command "C:\\Program Files (x86)\\nodejs\\node.exe" "C:\\Users\\francisco\\AppData\\Roaming\\npm\\node_modules\\npm\\node_modules\\node-gyp\\bin\\node-gyp.js" "rebuild"
gyp ERR! cwd C:\Users\francisco\Desktop\Udacity\Mobile_Web_Specialist_Nanodegree\Project_Stage_2\mws-restaurant-stage-2\client\node_modules\uws
gyp ERR! node -v v9.4.0
gyp ERR! node-gyp -v v3.6.2
gyp ERR! not ok 
